<?xml version="1.0" encoding="UTF-8"?>
<coverage generated="1781206201215" clover="3.2.0">
  <project timestamp="1781206201215" name="All files">
    <metrics statements="65" coveredstatements="65" conditionals="53" coveredconditionals="50" methods="20" coveredmethods="20" elements="138" coveredelements="135" complexity="0" loc="65" ncloc="65" packages="2" files="13" classes="13"/>
    <package name="components">
      <metrics statements="47" coveredstatements="47" conditionals="45" coveredconditionals="42" methods="15" coveredmethods="15"/>
      <file name="Badge.tsx" path="/Users/maximilianoibalborde/Develop/huellitas/src/components/Badge.tsx">
        <metrics statements="12" coveredstatements="12" conditionals="5" coveredconditionals="5" methods="3" coveredmethods="3"/>
        <line num="20" count="17" type="stmt"/>
        <line num="22" count="17" type="cond" truecount="4" falsecount="0"/>
        <line num="24" count="6" type="stmt"/>
        <line num="26" count="5" type="stmt"/>
        <line num="28" count="5" type="stmt"/>
        <line num="34" count="1" type="stmt"/>
        <line num="39" count="17" type="stmt"/>
        <line num="40" count="17" type="stmt"/>
        <line num="41" count="17" type="stmt"/>
        <line num="43" count="17" type="stmt"/>
        <line num="54" count="6" type="stmt"/>
        <line num="55" count="17" type="stmt"/>
      </file>
      <file name="Button.tsx" path="/Users/maximilianoibalborde/Develop/huellitas/src/components/Button.tsx">
        <metrics statements="12" coveredstatements="12" conditionals="18" coveredconditionals="15" methods="4" coveredmethods="4"/>
        <line num="24" count="11" type="stmt"/>
        <line num="26" count="11" type="cond" truecount="2" falsecount="0"/>
        <line num="27" count="6" type="stmt"/>
        <line num="35" count="5" type="stmt"/>
        <line num="51" count="11" type="stmt"/>
        <line num="52" count="11" type="stmt"/>
        <line num="53" count="11" type="stmt"/>
        <line num="54" count="11" type="cond" truecount="2" falsecount="0"/>
        <line num="56" count="11" type="stmt"/>
        <line num="64" count="11" type="stmt"/>
        <line num="83" count="6" type="stmt"/>
        <line num="84" count="11" type="stmt"/>
      </file>
      <file name="Card.tsx" path="/Users/maximilianoibalborde/Develop/huellitas/src/components/Card.tsx">
        <metrics statements="4" coveredstatements="4" conditionals="0" coveredconditionals="0" methods="2" coveredmethods="2"/>
        <line num="12" count="4" type="stmt"/>
        <line num="14" count="4" type="stmt"/>
        <line num="17" count="6" type="stmt"/>
        <line num="18" count="4" type="stmt"/>
      </file>
      <file name="EmptyState.tsx" path="/Users/maximilianoibalborde/Develop/huellitas/src/components/EmptyState.tsx">
        <metrics statements="5" coveredstatements="5" conditionals="8" coveredconditionals="8" methods="2" coveredmethods="2"/>
        <line num="18" count="6" type="stmt"/>
        <line num="19" count="6" type="cond" truecount="2" falsecount="0"/>
        <line num="21" count="6" type="stmt"/>
        <line num="41" count="6" type="stmt"/>
        <line num="42" count="6" type="stmt"/>
      </file>
      <file name="Input.tsx" path="/Users/maximilianoibalborde/Develop/huellitas/src/components/Input.tsx">
        <metrics statements="14" coveredstatements="14" conditionals="14" coveredconditionals="14" methods="4" coveredmethods="4"/>
        <line num="15" count="15" type="stmt"/>
        <line num="16" count="15" type="stmt"/>
        <line num="17" count="15" type="stmt"/>
        <line num="20" count="15" type="stmt"/>
        <line num="22" count="15" type="cond" truecount="2" falsecount="0"/>
        <line num="23" count="15" type="cond" truecount="2" falsecount="0"/>
        <line num="28" count="15" type="cond" truecount="2" falsecount="0"/>
        <line num="30" count="15" type="stmt"/>
        <line num="42" count="3" type="stmt"/>
        <line num="43" count="3" type="stmt"/>
        <line num="46" count="2" type="stmt"/>
        <line num="47" count="2" type="stmt"/>
        <line num="62" count="6" type="stmt"/>
        <line num="63" count="10" type="stmt"/>
      </file>
      <file name="index.ts" path="/Users/maximilianoibalborde/Develop/huellitas/src/components/index.ts">
        <metrics statements="0" coveredstatements="0" conditionals="0" coveredconditionals="0" methods="0" coveredmethods="0"/>
      </file>
    </package>
    <package name="theme">
      <metrics statements="18" coveredstatements="18" conditionals="8" coveredconditionals="8" methods="5" coveredmethods="5"/>
      <file name="ThemeProvider.tsx" path="/Users/maximilianoibalborde/Develop/huellitas/src/theme/ThemeProvider.tsx">
        <metrics statements="10" coveredstatements="10" conditionals="8" coveredconditionals="8" methods="5" coveredmethods="5"/>
        <line num="6" count="8" type="stmt"/>
        <line num="9" count="69" type="cond" truecount="2" falsecount="0"/>
        <line num="14" count="43" type="stmt"/>
        <line num="15" count="43" type="cond" truecount="2" falsecount="0"/>
        <line num="17" count="43" type="stmt"/>
        <line num="26" count="110" type="stmt"/>
        <line num="27" count="110" type="stmt"/>
        <line num="29" count="110" type="cond" truecount="4" falsecount="0"/>
        <line num="39" count="60" type="stmt"/>
        <line num="41" count="60" type="stmt"/>
      </file>
      <file name="colors.ts" path="/Users/maximilianoibalborde/Develop/huellitas/src/theme/colors.ts">
        <metrics statements="2" coveredstatements="2" conditionals="0" coveredconditionals="0" methods="0" coveredmethods="0"/>
        <line num="46" count="9" type="stmt"/>
        <line num="68" count="9" type="stmt"/>
      </file>
      <file name="index.ts" path="/Users/maximilianoibalborde/Develop/huellitas/src/theme/index.ts">
        <metrics statements="0" coveredstatements="0" conditionals="0" coveredconditionals="0" methods="0" coveredmethods="0"/>
      </file>
      <file name="radii.ts" path="/Users/maximilianoibalborde/Develop/huellitas/src/theme/radii.ts">
        <metrics statements="1" coveredstatements="1" conditionals="0" coveredconditionals="0" methods="0" coveredmethods="0"/>
        <line num="2" count="8" type="stmt"/>
      </file>
      <file name="spacing.ts" path="/Users/maximilianoibalborde/Develop/huellitas/src/theme/spacing.ts">
        <metrics statements="1" coveredstatements="1" conditionals="0" coveredconditionals="0" methods="0" coveredmethods="0"/>
        <line num="2" count="8" type="stmt"/>
      </file>
      <file name="theme.ts" path="/Users/maximilianoibalborde/Develop/huellitas/src/theme/theme.ts">
        <metrics statements="3" coveredstatements="3" conditionals="0" coveredconditionals="0" methods="0" coveredmethods="0"/>
        <line num="17" count="8" type="stmt"/>
        <line num="19" count="8" type="stmt"/>
        <line num="27" count="8" type="stmt"/>
      </file>
      <file name="typography.ts" path="/Users/maximilianoibalborde/Develop/huellitas/src/theme/typography.ts">
        <metrics statements="1" coveredstatements="1" conditionals="0" coveredconditionals="0" methods="0" coveredmethods="0"/>
        <line num="7" count="8" type="stmt"/>
      </file>
    </package>
  </project>
</coverage>
