{"/Users/maximilianoibalborde/Develop/huellitas/src/components/Badge.tsx": {"path":"/Users/maximilianoibalborde/Develop/huellitas/src/components/Badge.tsx","statementMap":{"0":{"start":{"line":20,"column":21},"end":{"line":20,"column":26}},"1":{"start":{"line":22,"column":2},"end":{"line":35,"column":3}},"2":{"start":{"line":24,"column":6},"end":{"line":24,"column":91}},"3":{"start":{"line":26,"column":6},"end":{"line":26,"column":93}},"4":{"start":{"line":28,"column":6},"end":{"line":32,"column":8}},"5":{"start":{"line":34,"column":6},"end":{"line":34,"column":94}},"6":{"start":{"line":39,"column":16},"end":{"line":39,"column":26}},"7":{"start":{"line":40,"column":17},"end":{"line":40,"column":46}},"8":{"start":{"line":41,"column":17},"end":{"line":41,"column":44}},"9":{"start":{"line":43,"column":2},"end":{"line":51,"column":4}},"10":{"start":{"line":54,"column":21},"end":{"line":63,"column":4}},"11":{"start":{"line":55,"column":2},"end":{"line":63,"column":4}}},"fnMap":{"0":{"name":"badgeColors","decl":{"start":{"line":19,"column":9},"end":{"line":19,"column":20}},"loc":{"start":{"line":19,"column":71},"end":{"line":36,"column":1}},"line":19},"1":{"name":"Badge","decl":{"start":{"line":38,"column":16},"end":{"line":38,"column":21}},"loc":{"start":{"line":38,"column":66},"end":{"line":52,"column":1}},"line":38},"2":{"name":"(anonymous_2)","decl":{"start":{"line":54,"column":21},"end":{"line":54,"column":22}},"loc":{"start":{"line":55,"column":2},"end":{"line":63,"column":4}},"line":55}},"branchMap":{"0":{"loc":{"start":{"line":22,"column":2},"end":{"line":35,"column":3}},"type":"switch","locations":[{"start":{"line":23,"column":4},"end":{"line":24,"column":91}},{"start":{"line":25,"column":4},"end":{"line":26,"column":93}},{"start":{"line":27,"column":4},"end":{"line":32,"column":8}},{"start":{"line":33,"column":4},"end":{"line":34,"column":94}}],"line":22},"1":{"loc":{"start":{"line":38,"column":31},"end":{"line":38,"column":50}},"type":"default-arg","locations":[{"start":{"line":38,"column":41},"end":{"line":38,"column":50}}],"line":38}},"s":{"0":17,"1":17,"2":6,"3":5,"4":5,"5":1,"6":17,"7":17,"8":17,"9":17,"10":6,"11":17},"f":{"0":17,"1":17,"2":17},"b":{"0":[6,5,5,1],"1":[1]},"_coverageSchema":"1a1c01bbd47fc00a2c39e90264f33305004495a9","hash":"b0771bd975cc0bd60b43fe71f39d9251d554e8aa"}
,"/Users/maximilianoibalborde/Develop/huellitas/src/components/Button.tsx": {"path":"/Users/maximilianoibalborde/Develop/huellitas/src/components/Button.tsx","statementMap":{"0":{"start":{"line":24,"column":21},"end":{"line":24,"column":26}},"1":{"start":{"line":26,"column":2},"end":{"line":33,"column":3}},"2":{"start":{"line":27,"column":4},"end":{"line":32,"column":6}},"3":{"start":{"line":35,"column":2},"end":{"line":40,"column":4}},"4":{"start":{"line":51,"column":16},"end":{"line":51,"column":26}},"5":{"start":{"line":52,"column":17},"end":{"line":52,"column":46}},"6":{"start":{"line":53,"column":17},"end":{"line":53,"column":46}},"7":{"start":{"line":54,"column":21},"end":{"line":54,"column":40}},"8":{"start":{"line":56,"column":2},"end":{"line":80,"column":4}},"9":{"start":{"line":64,"column":30},"end":{"line":72,"column":7}},"10":{"start":{"line":83,"column":21},"end":{"line":101,"column":4}},"11":{"start":{"line":84,"column":2},"end":{"line":101,"column":4}}},"fnMap":{"0":{"name":"variantColors","decl":{"start":{"line":23,"column":9},"end":{"line":23,"column":22}},"loc":{"start":{"line":23,"column":76},"end":{"line":41,"column":1}},"line":23},"1":{"name":"Button","decl":{"start":{"line":43,"column":16},"end":{"line":43,"column":22}},"loc":{"start":{"line":50,"column":16},"end":{"line":81,"column":1}},"line":50},"2":{"name":"(anonymous_2)","decl":{"start":{"line":64,"column":13},"end":{"line":64,"column":14}},"loc":{"start":{"line":64,"column":30},"end":{"line":72,"column":7}},"line":64},"3":{"name":"(anonymous_3)","decl":{"start":{"line":83,"column":21},"end":{"line":83,"column":22}},"loc":{"start":{"line":84,"column":2},"end":{"line":101,"column":4}},"line":84}},"branchMap":{"0":{"loc":{"start":{"line":26,"column":2},"end":{"line":33,"column":3}},"type":"if","locations":[{"start":{"line":26,"column":2},"end":{"line":33,"column":3}},{"start":{},"end":{}}],"line":26},"1":{"loc":{"start":{"line":39,"column":12},"end":{"line":39,"column":66}},"type":"cond-expr","locations":[{"start":{"line":39,"column":38},"end":{"line":39,"column":50}},{"start":{"line":39,"column":53},"end":{"line":39,"column":66}}],"line":39},"2":{"loc":{"start":{"line":46,"column":2},"end":{"line":46,"column":21}},"type":"default-arg","locations":[{"start":{"line":46,"column":12},"end":{"line":46,"column":21}}],"line":46},"3":{"loc":{"start":{"line":47,"column":2},"end":{"line":47,"column":17}},"type":"default-arg","locations":[{"start":{"line":47,"column":12},"end":{"line":47,"column":17}}],"line":47},"4":{"loc":{"start":{"line":48,"column":2},"end":{"line":48,"column":18}},"type":"default-arg","locations":[{"start":{"line":48,"column":13},"end":{"line":48,"column":18}}],"line":48},"5":{"loc":{"start":{"line":54,"column":21},"end":{"line":54,"column":40}},"type":"binary-expr","locations":[{"start":{"line":54,"column":21},"end":{"line":54,"column":29}},{"start":{"line":54,"column":33},"end":{"line":54,"column":40}}],"line":54},"6":{"loc":{"start":{"line":67,"column":27},"end":{"line":67,"column":81}},"type":"cond-expr","locations":[{"start":{"line":67,"column":37},"end":{"line":67,"column":61}},{"start":{"line":67,"column":64},"end":{"line":67,"column":81}}],"line":67},"7":{"loc":{"start":{"line":70,"column":8},"end":{"line":70,"column":37}},"type":"binary-expr","locations":[{"start":{"line":70,"column":8},"end":{"line":70,"column":18}},{"start":{"line":70,"column":22},"end":{"line":70,"column":37}}],"line":70},"8":{"loc":{"start":{"line":71,"column":8},"end":{"line":71,"column":65}},"type":"binary-expr","locations":[{"start":{"line":71,"column":8},"end":{"line":71,"column":15}},{"start":{"line":71,"column":19},"end":{"line":71,"column":40}},{"start":{"line":71,"column":44},"end":{"line":71,"column":65}}],"line":71},"9":{"loc":{"start":{"line":74,"column":7},"end":{"line":78,"column":7}},"type":"cond-expr","locations":[{"start":{"line":75,"column":8},"end":{"line":75,"column":82}},{"start":{"line":77,"column":8},"end":{"line":77,"column":89}}],"line":74}},"s":{"0":11,"1":11,"2":6,"3":5,"4":11,"5":11,"6":11,"7":11,"8":11,"9":11,"10":6,"11":11},"f":{"0":11,"1":11,"2":11,"3":11},"b":{"0":[6,5],"1":[3,2],"2":[6],"3":[9],"4":[10],"5":[11,10],"6":[0,11],"7":[11,3],"8":[11,0,0],"9":[2,9]},"_coverageSchema":"1a1c01bbd47fc00a2c39e90264f33305004495a9","hash":"94fc47c164730daa486e218a1aa83d8b9006dcd1"}
,"/Users/maximilianoibalborde/Develop/huellitas/src/components/Card.tsx": {"path":"/Users/maximilianoibalborde/Develop/huellitas/src/components/Card.tsx","statementMap":{"0":{"start":{"line":12,"column":17},"end":{"line":12,"column":46}},"1":{"start":{"line":14,"column":2},"end":{"line":14,"column":62}},"2":{"start":{"line":17,"column":21},"end":{"line":26,"column":4}},"3":{"start":{"line":18,"column":2},"end":{"line":26,"column":4}}},"fnMap":{"0":{"name":"Card","decl":{"start":{"line":11,"column":16},"end":{"line":11,"column":20}},"loc":{"start":{"line":11,"column":53},"end":{"line":15,"column":1}},"line":11},"1":{"name":"(anonymous_1)","decl":{"start":{"line":17,"column":21},"end":{"line":17,"column":22}},"loc":{"start":{"line":18,"column":2},"end":{"line":26,"column":4}},"line":18}},"branchMap":{},"s":{"0":4,"1":4,"2":6,"3":4},"f":{"0":4,"1":4},"b":{},"_coverageSchema":"1a1c01bbd47fc00a2c39e90264f33305004495a9","hash":"1a3fcc21df411b202fbbfc59439989f006f7f2fb"}
,"/Users/maximilianoibalborde/Develop/huellitas/src/components/EmptyState.tsx": {"path":"/Users/maximilianoibalborde/Develop/huellitas/src/components/EmptyState.tsx","statementMap":{"0":{"start":{"line":18,"column":17},"end":{"line":18,"column":46}},"1":{"start":{"line":19,"column":20},"end":{"line":19,"column":71}},"2":{"start":{"line":21,"column":2},"end":{"line":38,"column":4}},"3":{"start":{"line":41,"column":21},"end":{"line":62,"column":4}},"4":{"start":{"line":42,"column":2},"end":{"line":62,"column":4}}},"fnMap":{"0":{"name":"EmptyState","decl":{"start":{"line":17,"column":16},"end":{"line":17,"column":26}},"loc":{"start":{"line":17,"column":97},"end":{"line":39,"column":1}},"line":17},"1":{"name":"(anonymous_1)","decl":{"start":{"line":41,"column":21},"end":{"line":41,"column":22}},"loc":{"start":{"line":42,"column":2},"end":{"line":62,"column":4}},"line":42}},"branchMap":{"0":{"loc":{"start":{"line":19,"column":20},"end":{"line":19,"column":71}},"type":"binary-expr","locations":[{"start":{"line":19,"column":20},"end":{"line":19,"column":45}},{"start":{"line":19,"column":49},"end":{"line":19,"column":71}}],"line":19},"1":{"loc":{"start":{"line":23,"column":7},"end":{"line":27,"column":7}},"type":"binary-expr","locations":[{"start":{"line":23,"column":7},"end":{"line":23,"column":25}},{"start":{"line":24,"column":8},"end":{"line":26,"column":15}}],"line":23},"2":{"loc":{"start":{"line":31,"column":7},"end":{"line":31,"column":89}},"type":"binary-expr","locations":[{"start":{"line":31,"column":7},"end":{"line":31,"column":32}},{"start":{"line":31,"column":36},"end":{"line":31,"column":89}}],"line":31},"3":{"loc":{"start":{"line":32,"column":7},"end":{"line":36,"column":7}},"type":"binary-expr","locations":[{"start":{"line":32,"column":7},"end":{"line":32,"column":16}},{"start":{"line":33,"column":8},"end":{"line":35,"column":15}}],"line":32}},"s":{"0":6,"1":6,"2":6,"3":6,"4":6},"f":{"0":6,"1":6},"b":{"0":[6,2],"1":[6,1],"2":[6,2],"3":[6,1]},"_coverageSchema":"1a1c01bbd47fc00a2c39e90264f33305004495a9","hash":"e960ed9b062599c146985e791d580634c3fb7a8d"}
,"/Users/maximilianoibalborde/Develop/huellitas/src/components/Input.tsx": {"path":"/Users/maximilianoibalborde/Develop/huellitas/src/components/Input.tsx","statementMap":{"0":{"start":{"line":15,"column":16},"end":{"line":15,"column":26}},"1":{"start":{"line":16,"column":17},"end":{"line":16,"column":46}},"2":{"start":{"line":17,"column":32},"end":{"line":17,"column":47}},"3":{"start":{"line":20,"column":18},"end":{"line":20,"column":25}},"4":{"start":{"line":22,"column":19},"end":{"line":22,"column":66}},"5":{"start":{"line":23,"column":22},"end":{"line":27,"column":27}},"6":{"start":{"line":28,"column":22},"end":{"line":28,"column":55}},"7":{"start":{"line":30,"column":2},"end":{"line":59,"column":4}},"8":{"start":{"line":42,"column":10},"end":{"line":42,"column":27}},"9":{"start":{"line":43,"column":10},"end":{"line":43,"column":27}},"10":{"start":{"line":46,"column":10},"end":{"line":46,"column":28}},"11":{"start":{"line":47,"column":10},"end":{"line":47,"column":26}},"12":{"start":{"line":62,"column":21},"end":{"line":87,"column":4}},"13":{"start":{"line":63,"column":2},"end":{"line":87,"column":4}}},"fnMap":{"0":{"name":"Input","decl":{"start":{"line":14,"column":16},"end":{"line":14,"column":21}},"loc":{"start":{"line":14,"column":100},"end":{"line":60,"column":1}},"line":14},"1":{"name":"(anonymous_1)","decl":{"start":{"line":41,"column":17},"end":{"line":41,"column":18}},"loc":{"start":{"line":41,"column":28},"end":{"line":44,"column":9}},"line":41},"2":{"name":"(anonymous_2)","decl":{"start":{"line":45,"column":16},"end":{"line":45,"column":17}},"loc":{"start":{"line":45,"column":27},"end":{"line":48,"column":9}},"line":45},"3":{"name":"(anonymous_3)","decl":{"start":{"line":62,"column":21},"end":{"line":62,"column":22}},"loc":{"start":{"line":63,"column":2},"end":{"line":87,"column":4}},"line":63}},"branchMap":{"0":{"loc":{"start":{"line":22,"column":19},"end":{"line":22,"column":66}},"type":"binary-expr","locations":[{"start":{"line":22,"column":19},"end":{"line":22,"column":42}},{"start":{"line":22,"column":46},"end":{"line":22,"column":66}}],"line":22},"1":{"loc":{"start":{"line":23,"column":22},"end":{"line":27,"column":27}},"type":"cond-expr","locations":[{"start":{"line":24,"column":6},"end":{"line":24,"column":25}},{"start":{"line":25,"column":6},"end":{"line":27,"column":27}}],"line":23},"2":{"loc":{"start":{"line":25,"column":6},"end":{"line":27,"column":27}},"type":"cond-expr","locations":[{"start":{"line":26,"column":8},"end":{"line":26,"column":26}},{"start":{"line":27,"column":8},"end":{"line":27,"column":27}}],"line":25},"3":{"loc":{"start":{"line":28,"column":22},"end":{"line":28,"column":55}},"type":"cond-expr","locations":[{"start":{"line":28,"column":33},"end":{"line":28,"column":42}},{"start":{"line":28,"column":45},"end":{"line":28,"column":55}}],"line":28},"4":{"loc":{"start":{"line":50,"column":7},"end":{"line":57,"column":7}},"type":"binary-expr","locations":[{"start":{"line":50,"column":7},"end":{"line":50,"column":32}},{"start":{"line":51,"column":8},"end":{"line":56,"column":15}}],"line":50},"5":{"loc":{"start":{"line":52,"column":35},"end":{"line":52,"column":63}},"type":"cond-expr","locations":[{"start":{"line":52,"column":46},"end":{"line":52,"column":54}},{"start":{"line":52,"column":57},"end":{"line":52,"column":63}}],"line":52},"6":{"loc":{"start":{"line":53,"column":34},"end":{"line":53,"column":65}},"type":"binary-expr","locations":[{"start":{"line":53,"column":34},"end":{"line":53,"column":42}},{"start":{"line":53,"column":46},"end":{"line":53,"column":65}}],"line":53}},"s":{"0":15,"1":15,"2":15,"3":15,"4":15,"5":15,"6":15,"7":15,"8":3,"9":3,"10":2,"11":2,"12":6,"13":10},"f":{"0":15,"1":3,"2":2,"3":10},"b":{"0":[15,5],"1":[5,10],"2":[2,8],"3":[5,10],"4":[15,6],"5":[5,1],"6":[6,5]},"_coverageSchema":"1a1c01bbd47fc00a2c39e90264f33305004495a9","hash":"f86256289e12b954e49c8295692b3994b88b80df"}
,"/Users/maximilianoibalborde/Develop/huellitas/src/components/index.ts": {"path":"/Users/maximilianoibalborde/Develop/huellitas/src/components/index.ts","statementMap":{},"fnMap":{},"branchMap":{},"s":{},"f":{},"b":{},"_coverageSchema":"1a1c01bbd47fc00a2c39e90264f33305004495a9","hash":"e476a6ea82fa109ad4a0ede853dbd10dc61214ee"}
,"/Users/maximilianoibalborde/Develop/huellitas/src/theme/ThemeProvider.tsx": {"path":"/Users/maximilianoibalborde/Develop/huellitas/src/theme/ThemeProvider.tsx","statementMap":{"0":{"start":{"line":6,"column":21},"end":{"line":6,"column":54}},"1":{"start":{"line":9,"column":2},"end":{"line":9,"column":50}},"2":{"start":{"line":14,"column":17},"end":{"line":14,"column":33}},"3":{"start":{"line":15,"column":16},"end":{"line":15,"column":66}},"4":{"start":{"line":17,"column":2},"end":{"line":17,"column":81}},"5":{"start":{"line":26,"column":22},"end":{"line":26,"column":46}},"6":{"start":{"line":27,"column":23},"end":{"line":27,"column":39}},"7":{"start":{"line":29,"column":2},"end":{"line":29,"column":81}},"8":{"start":{"line":39,"column":16},"end":{"line":39,"column":26}},"9":{"start":{"line":41,"column":2},"end":{"line":41,"column":57}},"10":{"start":{"line":41,"column":23},"end":{"line":41,"column":37}}},"fnMap":{"0":{"name":"themeForMode","decl":{"start":{"line":8,"column":9},"end":{"line":8,"column":21}},"loc":{"start":{"line":8,"column":46},"end":{"line":10,"column":1}},"line":8},"1":{"name":"ThemeProvider","decl":{"start":{"line":13,"column":16},"end":{"line":13,"column":29}},"loc":{"start":{"line":13,"column":63},"end":{"line":18,"column":1}},"line":13},"2":{"name":"useTheme","decl":{"start":{"line":25,"column":16},"end":{"line":25,"column":24}},"loc":{"start":{"line":25,"column":34},"end":{"line":30,"column":1}},"line":25},"3":{"name":"useThemedStyles","decl":{"start":{"line":36,"column":16},"end":{"line":36,"column":31}},"loc":{"start":{"line":38,"column":5},"end":{"line":42,"column":1}},"line":38},"4":{"name":"(anonymous_4)","decl":{"start":{"line":41,"column":17},"end":{"line":41,"column":18}},"loc":{"start":{"line":41,"column":23},"end":{"line":41,"column":37}},"line":41}},"branchMap":{"0":{"loc":{"start":{"line":9,"column":9},"end":{"line":9,"column":49}},"type":"cond-expr","locations":[{"start":{"line":9,"column":27},"end":{"line":9,"column":36}},{"start":{"line":9,"column":39},"end":{"line":9,"column":49}}],"line":9},"1":{"loc":{"start":{"line":15,"column":29},"end":{"line":15,"column":65}},"type":"cond-expr","locations":[{"start":{"line":15,"column":49},"end":{"line":15,"column":55}},{"start":{"line":15,"column":58},"end":{"line":15,"column":65}}],"line":15},"2":{"loc":{"start":{"line":29,"column":9},"end":{"line":29,"column":80}},"type":"binary-expr","locations":[{"start":{"line":29,"column":9},"end":{"line":29,"column":20}},{"start":{"line":29,"column":24},"end":{"line":29,"column":80}}],"line":29},"3":{"loc":{"start":{"line":29,"column":37},"end":{"line":29,"column":79}},"type":"cond-expr","locations":[{"start":{"line":29,"column":63},"end":{"line":29,"column":69}},{"start":{"line":29,"column":72},"end":{"line":29,"column":79}}],"line":29}},"s":{"0":8,"1":69,"2":43,"3":43,"4":43,"5":110,"6":110,"7":110,"8":60,"9":60,"10":54},"f":{"0":69,"1":43,"2":110,"3":60,"4":54},"b":{"0":[12,57],"1":[11,32],"2":[110,26],"3":[1,25]},"_coverageSchema":"1a1c01bbd47fc00a2c39e90264f33305004495a9","hash":"7397815b3b6a8a2c7e92320b155986013345209c"}
,"/Users/maximilianoibalborde/Develop/huellitas/src/theme/colors.ts": {"path":"/Users/maximilianoibalborde/Develop/huellitas/src/theme/colors.ts","statementMap":{"0":{"start":{"line":46,"column":40},"end":{"line":66,"column":1}},"1":{"start":{"line":68,"column":39},"end":{"line":88,"column":1}}},"fnMap":{},"branchMap":{},"s":{"0":9,"1":9},"f":{},"b":{},"_coverageSchema":"1a1c01bbd47fc00a2c39e90264f33305004495a9","hash":"f5c56c112e6936d5e82209c885da3fa7143da4e7"}
,"/Users/maximilianoibalborde/Develop/huellitas/src/theme/index.ts": {"path":"/Users/maximilianoibalborde/Develop/huellitas/src/theme/index.ts","statementMap":{},"fnMap":{},"branchMap":{},"s":{},"f":{},"b":{},"_coverageSchema":"1a1c01bbd47fc00a2c39e90264f33305004495a9","hash":"20a9084ec9fbc09b336faf8539f63653231434b8"}
,"/Users/maximilianoibalborde/Develop/huellitas/src/theme/radii.ts": {"path":"/Users/maximilianoibalborde/Develop/huellitas/src/theme/radii.ts","statementMap":{"0":{"start":{"line":2,"column":21},"end":{"line":7,"column":10}}},"fnMap":{},"branchMap":{},"s":{"0":8},"f":{},"b":{},"_coverageSchema":"1a1c01bbd47fc00a2c39e90264f33305004495a9","hash":"f6897456205f59fe5c1b96e12a72025ceaaf4709"}
,"/Users/maximilianoibalborde/Develop/huellitas/src/theme/spacing.ts": {"path":"/Users/maximilianoibalborde/Develop/huellitas/src/theme/spacing.ts","statementMap":{"0":{"start":{"line":2,"column":23},"end":{"line":9,"column":10}}},"fnMap":{},"branchMap":{},"s":{"0":8},"f":{},"b":{},"_coverageSchema":"1a1c01bbd47fc00a2c39e90264f33305004495a9","hash":"5acb505b74eb17ab480a913ad9e6cfb325283080"}
,"/Users/maximilianoibalborde/Develop/huellitas/src/theme/theme.ts": {"path":"/Users/maximilianoibalborde/Develop/huellitas/src/theme/theme.ts","statementMap":{"0":{"start":{"line":17,"column":32},"end":{"line":17,"column":34}},"1":{"start":{"line":19,"column":33},"end":{"line":25,"column":1}},"2":{"start":{"line":27,"column":32},"end":{"line":33,"column":1}}},"fnMap":{},"branchMap":{},"s":{"0":8,"1":8,"2":8},"f":{},"b":{},"_coverageSchema":"1a1c01bbd47fc00a2c39e90264f33305004495a9","hash":"367c49bd03d423961557522994bfb5cbe89c6001"}
,"/Users/maximilianoibalborde/Develop/huellitas/src/theme/typography.ts": {"path":"/Users/maximilianoibalborde/Develop/huellitas/src/theme/typography.ts","statementMap":{"0":{"start":{"line":7,"column":26},"end":{"line":16,"column":46}}},"fnMap":{},"branchMap":{},"s":{"0":8},"f":{},"b":{},"_coverageSchema":"1a1c01bbd47fc00a2c39e90264f33305004495a9","hash":"6c17f2032b0821570bf16ec4139954f1277b6ed4"}
}
