TN:
SF:src/components/Badge.tsx
FN:19,badgeColors
FN:38,Badge
FN:54,(anonymous_2)
FNF:3
FNH:3
FNDA:17,badgeColors
FNDA:17,Badge
FNDA:17,(anonymous_2)
DA:20,17
DA:22,17
DA:24,6
DA:26,5
DA:28,5
DA:34,1
DA:39,17
DA:40,17
DA:41,17
DA:43,17
DA:54,6
DA:55,17
LF:12
LH:12
BRDA:22,0,0,6
BRDA:22,0,1,5
BRDA:22,0,2,5
BRDA:22,0,3,1
BRDA:38,1,0,1
BRF:5
BRH:5
end_of_record
TN:
SF:src/components/Button.tsx
FN:23,variantColors
FN:43,Button
FN:64,(anonymous_2)
FN:83,(anonymous_3)
FNF:4
FNH:4
FNDA:11,variantColors
FNDA:11,Button
FNDA:11,(anonymous_2)
FNDA:11,(anonymous_3)
DA:24,11
DA:26,11
DA:27,6
DA:35,5
DA:51,11
DA:52,11
DA:53,11
DA:54,11
DA:56,11
DA:64,11
DA:83,6
DA:84,11
LF:12
LH:12
BRDA:26,0,0,6
BRDA:26,0,1,5
BRDA:39,1,0,3
BRDA:39,1,1,2
BRDA:46,2,0,6
BRDA:47,3,0,9
BRDA:48,4,0,10
BRDA:54,5,0,11
BRDA:54,5,1,10
BRDA:67,6,0,0
BRDA:67,6,1,11
BRDA:70,7,0,11
BRDA:70,7,1,3
BRDA:71,8,0,11
BRDA:71,8,1,0
BRDA:71,8,2,0
BRDA:74,9,0,2
BRDA:74,9,1,9
BRF:18
BRH:15
end_of_record
TN:
SF:src/components/Card.tsx
FN:11,Card
FN:17,(anonymous_1)
FNF:2
FNH:2
FNDA:4,Card
FNDA:4,(anonymous_1)
DA:12,4
DA:14,4
DA:17,6
DA:18,4
LF:4
LH:4
BRF:0
BRH:0
end_of_record
TN:
SF:src/components/EmptyState.tsx
FN:17,EmptyState
FN:41,(anonymous_1)
FNF:2
FNH:2
FNDA:6,EmptyState
FNDA:6,(anonymous_1)
DA:18,6
DA:19,6
DA:21,6
DA:41,6
DA:42,6
LF:5
LH:5
BRDA:19,0,0,6
BRDA:19,0,1,2
BRDA:23,1,0,6
BRDA:23,1,1,1
BRDA:31,2,0,6
BRDA:31,2,1,2
BRDA:32,3,0,6
BRDA:32,3,1,1
BRF:8
BRH:8
end_of_record
TN:
SF:src/components/Input.tsx
FN:14,Input
FN:41,(anonymous_1)
FN:45,(anonymous_2)
FN:62,(anonymous_3)
FNF:4
FNH:4
FNDA:15,Input
FNDA:3,(anonymous_1)
FNDA:2,(anonymous_2)
FNDA:10,(anonymous_3)
DA:15,15
DA:16,15
DA:17,15
DA:20,15
DA:22,15
DA:23,15
DA:28,15
DA:30,15
DA:42,3
DA:43,3
DA:46,2
DA:47,2
DA:62,6
DA:63,10
LF:14
LH:14
BRDA:22,0,0,15
BRDA:22,0,1,5
BRDA:23,1,0,5
BRDA:23,1,1,10
BRDA:25,2,0,2
BRDA:25,2,1,8
BRDA:28,3,0,5
BRDA:28,3,1,10
BRDA:50,4,0,15
BRDA:50,4,1,6
BRDA:52,5,0,5
BRDA:52,5,1,1
BRDA:53,6,0,6
BRDA:53,6,1,5
BRF:14
BRH:14
end_of_record
TN:
SF:src/components/index.ts
FNF:0
FNH:0
LF:0
LH:0
BRF:0
BRH:0
end_of_record
TN:
SF:src/theme/ThemeProvider.tsx
FN:8,themeForMode
FN:13,ThemeProvider
FN:25,useTheme
FN:36,useThemedStyles
FN:41,(anonymous_4)
FNF:5
FNH:5
FNDA:69,themeForMode
FNDA:43,ThemeProvider
FNDA:110,useTheme
FNDA:60,useThemedStyles
FNDA:54,(anonymous_4)
DA:6,8
DA:9,69
DA:14,43
DA:15,43
DA:17,43
DA:26,110
DA:27,110
DA:29,110
DA:39,60
DA:41,60
LF:10
LH:10
BRDA:9,0,0,12
BRDA:9,0,1,57
BRDA:15,1,0,11
BRDA:15,1,1,32
BRDA:29,2,0,110
BRDA:29,2,1,26
BRDA:29,3,0,1
BRDA:29,3,1,25
BRF:8
BRH:8
end_of_record
TN:
SF:src/theme/colors.ts
FNF:0
FNH:0
DA:46,9
DA:68,9
LF:2
LH:2
BRF:0
BRH:0
end_of_record
TN:
SF:src/theme/index.ts
FNF:0
FNH:0
LF:0
LH:0
BRF:0
BRH:0
end_of_record
TN:
SF:src/theme/radii.ts
FNF:0
FNH:0
DA:2,8
LF:1
LH:1
BRF:0
BRH:0
end_of_record
TN:
SF:src/theme/spacing.ts
FNF:0
FNH:0
DA:2,8
LF:1
LH:1
BRF:0
BRH:0
end_of_record
TN:
SF:src/theme/theme.ts
FNF:0
FNH:0
DA:17,8
DA:19,8
DA:27,8
LF:3
LH:3
BRF:0
BRH:0
end_of_record
TN:
SF:src/theme/typography.ts
FNF:0
FNH:0
DA:7,8
LF:1
LH:1
BRF:0
BRH:0
end_of_record
